# JRE version: OpenJDK Runtime Environment (8.0_212-b04) (build 1.8.0_212-release-1586-b04)
# Java VM: OpenJDK 64-Bit Server VM (25.212-b04 mixed mode windows-amd64 compressed oops)
Heap:
 PSYoungGen      total 65024K, used 53701K [0x00000000e0000000, 0x00000000e6200000, 0x0000000100000000)
  eden space 56320K, 81% used [0x00000000e0000000,0x00000000e2cfeeb8,0x00000000e3700000)
  from space 8704K, 87% used [0x00000000e4200000,0x00000000e4972760,0x00000000e4a80000)
  to   space 11264K, 0% used [0x00000000e3700000,0x00000000e3700000,0x00000000e4200000)
 ParOldGen       total 61952K, used 9779K [0x00000000a0000000, 0x00000000a3c80000, 0x00000000e0000000)
  object space 61952K, 15% used [0x00000000a0000000,0x00000000a098cda0,0x00000000a3c80000)
 Metaspace       used 31889K, capacity 32524K, committed 32768K, reserved 1077248K
  class space    used 4360K, capacity 4559K, committed 4608K, reserved 1048576K
GC Heap History (10 events):
Event: 3.665 GC heap before
{Heap before GC invocations=5 (full 0):
 PSYoungGen      total 37888K, used 37888K [0x00000000e0000000, 0x00000000e4a00000, 0x0000000100000000)
  eden space 32768K, 100% used [0x00000000e0000000,0x00000000e2000000,0x00000000e2000000)
  from space 5120K, 100% used [0x00000000e2500000,0x00000000e2a00000,0x00000000e2a00000)
  to   space 5120K, 0% used [0x00000000e2000000,0x00000000e2000000,0x00000000e2500000)
 ParOldGen       total 86016K, used 3734K [0x00000000a0000000, 0x00000000a5400000, 0x00000000e0000000)
  object space 86016K, 4% used [0x00000000a0000000,0x00000000a03a5978,0x00000000a5400000)
 Metaspace       used 17448K, capacity 17934K, committed 18048K, reserved 1064960K
  class space    used 2503K, capacity 2659K, committed 2688K, reserved 1048576K
Event: 3.671 GC heap after
Heap after GC invocations=5 (full 0):
 PSYoungGen      total 37888K, used 5088K [0x00000000e0000000, 0x00000000e5400000, 0x0000000100000000)
  eden space 32768K, 0% used [0x00000000e0000000,0x00000000e0000000,0x00000000e2000000)
  from space 5120K, 99% used [0x00000000e2000000,0x00000000e24f8020,0x00000000e2500000)
  to   space 10240K, 0% used [0x00000000e4a00000,0x00000000e4a00000,0x00000000e5400000)
 ParOldGen       total 86016K, used 7032K [0x00000000a0000000, 0x00000000a5400000, 0x00000000e0000000)
  object space 86016K, 8% used [0x00000000a0000000,0x00000000a06de040,0x00000000a5400000)
 Metaspace       used 17448K, capacity 17934K, committed 18048K, reserved 1064960K
  class space    used 2503K, capacity 2659K, committed 2688K, reserved 1048576K
}
Event: 5.124 GC heap before
{Heap before GC invocations=6 (full 0):
 PSYoungGen      total 37888K, used 36731K [0x00000000e0000000, 0x00000000e5400000, 0x0000000100000000)
  eden space 32768K, 96% used [0x00000000e0000000,0x00000000e1ee6da8,0x00000000e2000000)
  from space 5120K, 99% used [0x00000000e2000000,0x00000000e24f8020,0x00000000e2500000)
  to   space 10240K, 0% used [0x00000000e4a00000,0x00000000e4a00000,0x00000000e5400000)
 ParOldGen       total 86016K, used 7032K [0x00000000a0000000, 0x00000000a5400000, 0x00000000e0000000)
  object space 86016K, 8% used [0x00000000a0000000,0x00000000a06de040,0x00000000a5400000)
 Metaspace       used 20753K, capacity 21202K, committed 21296K, reserved 1067008K
  class space    used 2995K, capacity 3161K, committed 3200K, reserved 1048576K
Event: 5.138 GC heap after
Heap after GC invocations=6 (full 0):
 PSYoungGen      total 41472K, used 9202K [0x00000000e0000000, 0x00000000e5300000, 0x0000000100000000)
  eden space 32256K, 0% used [0x00000000e0000000,0x00000000e0000000,0x00000000e1f80000)
  from space 9216K, 99% used [0x00000000e4a00000,0x00000000e52fcbf0,0x00000000e5300000)
  to   space 11264K, 0% used [0x00000000e3d00000,0x00000000e3d00000,0x00000000e4800000)
 ParOldGen       total 86016K, used 7040K [0x00000000a0000000, 0x00000000a5400000, 0x00000000e0000000)
  object space 86016K, 8% used [0x00000000a0000000,0x00000000a06e0040,0x00000000a5400000)
 Metaspace       used 20753K, capacity 21202K, committed 21296K, reserved 1067008K
  class space    used 2995K, capacity 3161K, committed 3200K, reserved 1048576K
}
Event: 5.138 GC heap before
{Heap before GC invocations=7 (full 1):
 PSYoungGen      total 41472K, used 9202K [0x00000000e0000000, 0x00000000e5300000, 0x0000000100000000)
  eden space 32256K, 0% used [0x00000000e0000000,0x00000000e0000000,0x00000000e1f80000)
  from space 9216K, 99% used [0x00000000e4a00000,0x00000000e52fcbf0,0x00000000e5300000)
  to   space 11264K, 0% used [0x00000000e3d00000,0x00000000e3d00000,0x00000000e4800000)
 ParOldGen       total 86016K, used 7040K [0x00000000a0000000, 0x00000000a5400000, 0x00000000e0000000)
  object space 86016K, 8% used [0x00000000a0000000,0x00000000a06e0040,0x00000000a5400000)
 Metaspace       used 20753K, capacity 21202K, committed 21296K, reserved 1067008K
  class space    used 2995K, capacity 3161K, committed 3200K, reserved 1048576K
Event: 5.183 GC heap after
Heap after GC invocations=7 (full 1):
 PSYoungGen      total 41472K, used 0K [0x00000000e0000000, 0x00000000e5300000, 0x0000000100000000)
  eden space 32256K, 0% used [0x00000000e0000000,0x00000000e0000000,0x00000000e1f80000)
  from space 9216K, 0% used [0x00000000e4a00000,0x00000000e4a00000,0x00000000e5300000)
  to   space 11264K, 0% used [0x00000000e3d00000,0x00000000e3d00000,0x00000000e4800000)
 ParOldGen       total 61952K, used 9763K [0x00000000a0000000, 0x00000000a3c80000, 0x00000000e0000000)
  object space 61952K, 15% used [0x00000000a0000000,0x00000000a0988da0,0x00000000a3c80000)
 Metaspace       used 20753K, capacity 21202K, committed 21296K, reserved 1067008K
  class space    used 2995K, capacity 3161K, committed 3200K, reserved 1048576K
}
Event: 5.738 GC heap before
{Heap before GC invocations=8 (full 1):
 PSYoungGen      total 41472K, used 32256K [0x00000000e0000000, 0x00000000e5300000, 0x0000000100000000)
  eden space 32256K, 100% used [0x00000000e0000000,0x00000000e1f80000,0x00000000e1f80000)
  from space 9216K, 0% used [0x00000000e4a00000,0x00000000e4a00000,0x00000000e5300000)
  to   space 11264K, 0% used [0x00000000e3d00000,0x00000000e3d00000,0x00000000e4800000)
 ParOldGen       total 61952K, used 9763K [0x00000000a0000000, 0x00000000a3c80000, 0x00000000e0000000)
  object space 61952K, 15% used [0x00000000a0000000,0x00000000a0988da0,0x00000000a3c80000)
 Metaspace       used 26334K, capacity 26928K, committed 27136K, reserved 1073152K
  class space    used 3542K, capacity 3743K, committed 3840K, reserved 1048576K
Event: 5.743 GC heap after
Heap after GC invocations=8 (full 1):
 PSYoungGen      total 54272K, used 4894K [0x00000000e0000000, 0x00000000e4a80000, 0x0000000100000000)
  eden space 49152K, 0% used [0x00000000e0000000,0x00000000e0000000,0x00000000e3000000)
  from space 5120K, 95% used [0x00000000e3d00000,0x00000000e41c7a58,0x00000000e4200000)
  to   space 8704K, 0% used [0x00000000e4200000,0x00000000e4200000,0x00000000e4a80000)
 ParOldGen       total 61952K, used 9771K [0x00000000a0000000, 0x00000000a3c80000, 0x00000000e0000000)
  object space 61952K, 15% used [0x00000000a0000000,0x00000000a098ada0,0x00000000a3c80000)
 Metaspace       used 26334K, capacity 26928K, committed 27136K, reserved 1073152K
  class space    used 3542K, capacity 3743K, committed 3840K, reserved 1048576K
}
Event: 6.220 GC heap before
{Heap before GC invocations=9 (full 1):
 PSYoungGen      total 54272K, used 54046K [0x00000000e0000000, 0x00000000e4a80000, 0x0000000100000000)
  eden space 49152K, 100% used [0x00000000e0000000,0x00000000e3000000,0x00000000e3000000)
  from space 5120K, 95% used [0x00000000e3d00000,0x00000000e41c7a58,0x00000000e4200000)
  to   space 8704K, 0% used [0x00000000e4200000,0x00000000e4200000,0x00000000e4a80000)
 ParOldGen       total 61952K, used 9771K [0x00000000a0000000, 0x00000000a3c80000, 0x00000000e0000000)
  object space 61952K, 15% used [0x00000000a0000000,0x00000000a098ada0,0x00000000a3c80000)
 Metaspace       used 29922K, capacity 30442K, committed 30592K, reserved 1075200K
  class space    used 4026K, capacity 4205K, committed 4224K, reserved 1048576K
Event: 6.230 GC heap after
Heap after GC invocations=9 (full 1):
 PSYoungGen      total 65024K, used 7625K [0x00000000e0000000, 0x00000000e6200000, 0x0000000100000000)
  eden space 56320K, 0% used [0x00000000e0000000,0x00000000e0000000,0x00000000e3700000)
  from space 8704K, 87% used [0x00000000e4200000,0x00000000e4972760,0x00000000e4a80000)
  to   space 11264K, 0% used [0x00000000e3700000,0x00000000e3700000,0x00000000e4200000)
 ParOldGen       total 61952K, used 9779K [0x00000000a0000000, 0x00000000a3c80000, 0x00000000e0000000)
  object space 61952K, 15% used [0x00000000a0000000,0x00000000a098cda0,0x00000000a3c80000)
 Metaspace       used 29922K, capacity 30442K, committed 30592K, reserved 1075200K
  class space    used 4026K, capacity 4205K, committed 4224K, reserved 1048576K
}

