# JRE version: OpenJDK Runtime Environment (8.0_212-b04) (build 1.8.0_212-release-1586-b04)
# Java VM: OpenJDK 64-Bit Server VM (25.212-b04 mixed mode windows-amd64 compressed oops)
Heap:
 PSYoungGen      total 462336K, used 172360K [0x00000000e0000000, 0x0000000100000000, 0x0000000100000000)
  eden space 438272K, 33% used [0x00000000e0000000,0x00000000e90d9080,0x00000000fac00000)
  from space 24064K, 99% used [0x00000000fac00000,0x00000000fc3790c8,0x00000000fc380000)
  to   space 33792K, 0% used [0x00000000fdf00000,0x00000000fdf00000,0x0000000100000000)
 ParOldGen       total 94720K, used 75037K [0x00000000a0000000, 0x00000000a5c80000, 0x00000000e0000000)
  object space 94720K, 79% used [0x00000000a0000000,0x00000000a49476a8,0x00000000a5c80000)
 Metaspace       used 87432K, capacity 91228K, committed 91520K, reserved 1128448K
  class space    used 11294K, capacity 12096K, committed 12160K, reserved 1048576K
GC Heap History (10 events):
Event: 16.561 GC heap before
{Heap before GC invocations=16 (full 2):
 PSYoungGen      total 261120K, used 47816K [0x00000000e0000000, 0x00000000f5e00000, 0x0000000100000000)
  eden space 246272K, 13% used [0x00000000e0000000,0x00000000e20dc510,0x00000000ef080000)
  from space 14848K, 95% used [0x00000000ef080000,0x00000000efe55b78,0x00000000eff00000)
  to   space 16896K, 0% used [0x00000000f4d80000,0x00000000f4d80000,0x00000000f5e00000)
 ParOldGen       total 67584K, used 27329K [0x00000000a0000000, 0x00000000a4200000, 0x00000000e0000000)
  object space 67584K, 40% used [0x00000000a0000000,0x00000000a1ab0410,0x00000000a4200000)
 Metaspace       used 57558K, capacity 59090K, committed 59160K, reserved 1101824K
  class space    used 7426K, capacity 7779K, committed 7808K, reserved 1048576K
Event: 16.586 GC heap after
Heap after GC invocations=16 (full 2):
 PSYoungGen      total 342016K, used 3854K [0x00000000e0000000, 0x00000000f6700000, 0x0000000100000000)
  eden space 325120K, 0% used [0x00000000e0000000,0x00000000e0000000,0x00000000f3d80000)
  from space 16896K, 22% used [0x00000000f4d80000,0x00000000f5143ba0,0x00000000f5e00000)
  to   space 16384K, 0% used [0x00000000f3d80000,0x00000000f3d80000,0x00000000f4d80000)
 ParOldGen       total 67584K, used 33302K [0x00000000a0000000, 0x00000000a4200000, 0x00000000e0000000)
  object space 67584K, 49% used [0x00000000a0000000,0x00000000a2085a68,0x00000000a4200000)
 Metaspace       used 57558K, capacity 59090K, committed 59160K, reserved 1101824K
  class space    used 7426K, capacity 7779K, committed 7808K, reserved 1048576K
}
Event: 16.586 GC heap before
{Heap before GC invocations=17 (full 3):
 PSYoungGen      total 342016K, used 3854K [0x00000000e0000000, 0x00000000f6700000, 0x0000000100000000)
  eden space 325120K, 0% used [0x00000000e0000000,0x00000000e0000000,0x00000000f3d80000)
  from space 16896K, 22% used [0x00000000f4d80000,0x00000000f5143ba0,0x00000000f5e00000)
  to   space 16384K, 0% used [0x00000000f3d80000,0x00000000f3d80000,0x00000000f4d80000)
 ParOldGen       total 67584K, used 33302K [0x00000000a0000000, 0x00000000a4200000, 0x00000000e0000000)
  object space 67584K, 49% used [0x00000000a0000000,0x00000000a2085a68,0x00000000a4200000)
 Metaspace       used 57558K, capacity 59090K, committed 59160K, reserved 1101824K
  class space    used 7426K, capacity 7779K, committed 7808K, reserved 1048576K
Event: 16.852 GC heap after
Heap after GC invocations=17 (full 3):
 PSYoungGen      total 342016K, used 0K [0x00000000e0000000, 0x00000000f6700000, 0x0000000100000000)
  eden space 325120K, 0% used [0x00000000e0000000,0x00000000e0000000,0x00000000f3d80000)
  from space 16896K, 0% used [0x00000000f4d80000,0x00000000f4d80000,0x00000000f5e00000)
  to   space 16384K, 0% used [0x00000000f3d80000,0x00000000f3d80000,0x00000000f4d80000)
 ParOldGen       total 94720K, used 31600K [0x00000000a0000000, 0x00000000a5c80000, 0x00000000e0000000)
  object space 94720K, 33% used [0x00000000a0000000,0x00000000a1edc0f8,0x00000000a5c80000)
 Metaspace       used 57484K, capacity 58924K, committed 59160K, reserved 1101824K
  class space    used 7405K, capacity 7751K, committed 7808K, reserved 1048576K
}
Event: 25.522 GC heap before
{Heap before GC invocations=18 (full 3):
 PSYoungGen      total 342016K, used 325120K [0x00000000e0000000, 0x00000000f6700000, 0x0000000100000000)
  eden space 325120K, 100% used [0x00000000e0000000,0x00000000f3d80000,0x00000000f3d80000)
  from space 16896K, 0% used [0x00000000f4d80000,0x00000000f4d80000,0x00000000f5e00000)
  to   space 16384K, 0% used [0x00000000f3d80000,0x00000000f3d80000,0x00000000f4d80000)
 ParOldGen       total 94720K, used 31600K [0x00000000a0000000, 0x00000000a5c80000, 0x00000000e0000000)
  object space 94720K, 33% used [0x00000000a0000000,0x00000000a1edc0f8,0x00000000a5c80000)
 Metaspace       used 70255K, capacity 72978K, committed 73216K, reserved 1112064K
  class space    used 9368K, capacity 9942K, committed 9984K, reserved 1048576K
Event: 25.733 GC heap after
Heap after GC invocations=18 (full 3):
 PSYoungGen      total 341504K, used 16360K [0x00000000e0000000, 0x00000000fda80000, 0x0000000100000000)
  eden space 325120K, 0% used [0x00000000e0000000,0x00000000e0000000,0x00000000f3d80000)
  from space 16384K, 99% used [0x00000000f3d80000,0x00000000f4d7a110,0x00000000f4d80000)
  to   space 23552K, 0% used [0x00000000fc380000,0x00000000fc380000,0x00000000fda80000)
 ParOldGen       total 94720K, used 44073K [0x00000000a0000000, 0x00000000a5c80000, 0x00000000e0000000)
  object space 94720K, 46% used [0x00000000a0000000,0x00000000a2b0a738,0x00000000a5c80000)
 Metaspace       used 70255K, capacity 72978K, committed 73216K, reserved 1112064K
  class space    used 9368K, capacity 9942K, committed 9984K, reserved 1048576K
}
Event: 29.364 GC heap before
{Heap before GC invocations=19 (full 3):
 PSYoungGen      total 341504K, used 341480K [0x00000000e0000000, 0x00000000fda80000, 0x0000000100000000)
  eden space 325120K, 100% used [0x00000000e0000000,0x00000000f3d80000,0x00000000f3d80000)
  from space 16384K, 99% used [0x00000000f3d80000,0x00000000f4d7a110,0x00000000f4d80000)
  to   space 23552K, 0% used [0x00000000fc380000,0x00000000fc380000,0x00000000fda80000)
 ParOldGen       total 94720K, used 44073K [0x00000000a0000000, 0x00000000a5c80000, 0x00000000e0000000)
  object space 94720K, 46% used [0x00000000a0000000,0x00000000a2b0a738,0x00000000a5c80000)
 Metaspace       used 77688K, capacity 80414K, committed 80512K, reserved 1118208K
  class space    used 10320K, capacity 10878K, committed 10880K, reserved 1048576K
Event: 29.484 GC heap after
Heap after GC invocations=19 (full 3):
 PSYoungGen      total 461824K, used 14328K [0x00000000e0000000, 0x00000000fdb80000, 0x0000000100000000)
  eden space 438272K, 0% used [0x00000000e0000000,0x00000000e0000000,0x00000000fac00000)
  from space 23552K, 60% used [0x00000000fc380000,0x00000000fd17e3e8,0x00000000fda80000)
  to   space 24064K, 0% used [0x00000000fac00000,0x00000000fac00000,0x00000000fc380000)
 ParOldGen       total 94720K, used 59720K [0x00000000a0000000, 0x00000000a5c80000, 0x00000000e0000000)
  object space 94720K, 63% used [0x00000000a0000000,0x00000000a3a52190,0x00000000a5c80000)
 Metaspace       used 77688K, capacity 80414K, committed 80512K, reserved 1118208K
  class space    used 10320K, capacity 10878K, committed 10880K, reserved 1048576K
}
Event: 2391.166 GC heap before
{Heap before GC invocations=20 (full 3):
 PSYoungGen      total 461824K, used 452600K [0x00000000e0000000, 0x00000000fdb80000, 0x0000000100000000)
  eden space 438272K, 100% used [0x00000000e0000000,0x00000000fac00000,0x00000000fac00000)
  from space 23552K, 60% used [0x00000000fc380000,0x00000000fd17e3e8,0x00000000fda80000)
  to   space 24064K, 0% used [0x00000000fac00000,0x00000000fac00000,0x00000000fc380000)
 ParOldGen       total 94720K, used 59720K [0x00000000a0000000, 0x00000000a5c80000, 0x00000000e0000000)
  object space 94720K, 63% used [0x00000000a0000000,0x00000000a3a52190,0x00000000a5c80000)
 Metaspace       used 85326K, capacity 88964K, committed 89216K, reserved 1126400K
  class space    used 11047K, capacity 11784K, committed 11904K, reserved 1048576K
Event: 2391.596 GC heap after
Heap after GC invocations=20 (full 3):
 PSYoungGen      total 462336K, used 24036K [0x00000000e0000000, 0x0000000100000000, 0x0000000100000000)
  eden space 438272K, 0% used [0x00000000e0000000,0x00000000e0000000,0x00000000fac00000)
  from space 24064K, 99% used [0x00000000fac00000,0x00000000fc3790c8,0x00000000fc380000)
  to   space 33792K, 0% used [0x00000000fdf00000,0x00000000fdf00000,0x0000000100000000)
 ParOldGen       total 94720K, used 75037K [0x00000000a0000000, 0x00000000a5c80000, 0x00000000e0000000)
  object space 94720K, 79% used [0x00000000a0000000,0x00000000a49476a8,0x00000000a5c80000)
 Metaspace       used 85326K, capacity 88964K, committed 89216K, reserved 1126400K
  class space    used 11047K, capacity 11784K, committed 11904K, reserved 1048576K
}

