# JRE version: OpenJDK Runtime Environment (8.0_212-b04) (build 1.8.0_212-release-1586-b04)
# Java VM: OpenJDK 64-Bit Server VM (25.212-b04 mixed mode windows-amd64 compressed oops)
Heap:
 PSYoungGen      total 96256K, used 88275K [0x00000000e0000000, 0x00000000e6d00000, 0x0000000100000000)
  eden space 83456K, 91% used [0x00000000e0000000,0x00000000e4aa7a18,0x00000000e5180000)
  from space 12800K, 92% used [0x00000000e5f00000,0x00000000e6a8d368,0x00000000e6b80000)
  to   space 13824K, 0% used [0x00000000e5180000,0x00000000e5180000,0x00000000e5f00000)
 ParOldGen       total 64000K, used 19770K [0x00000000a0000000, 0x00000000a3e80000, 0x00000000e0000000)
  object space 64000K, 30% used [0x00000000a0000000,0x00000000a134e9b0,0x00000000a3e80000)
 Metaspace       used 53478K, capacity 55100K, committed 55296K, reserved 1097728K
  class space    used 7251K, capacity 7623K, committed 7680K, reserved 1048576K
GC Heap History (10 events):
Event: 7.279 GC heap before
{Heap before GC invocations=8 (full 1):
 PSYoungGen      total 70656K, used 70655K [0x00000000e0000000, 0x00000000e4a00000, 0x0000000100000000)
  eden space 65536K, 100% used [0x00000000e0000000,0x00000000e4000000,0x00000000e4000000)
  from space 5120K, 99% used [0x00000000e4500000,0x00000000e49ffe78,0x00000000e4a00000)
  to   space 5120K, 0% used [0x00000000e4000000,0x00000000e4000000,0x00000000e4500000)
 ParOldGen       total 64000K, used 14858K [0x00000000a0000000, 0x00000000a3e80000, 0x00000000e0000000)
  object space 64000K, 23% used [0x00000000a0000000,0x00000000a0e82878,0x00000000a3e80000)
 Metaspace       used 31973K, capacity 32588K, committed 32768K, reserved 1077248K
  class space    used 4372K, capacity 4559K, committed 4608K, reserved 1048576K
Event: 7.314 GC heap after
Heap after GC invocations=8 (full 1):
 PSYoungGen      total 70656K, used 5104K [0x00000000e0000000, 0x00000000e4a00000, 0x0000000100000000)
  eden space 65536K, 0% used [0x00000000e0000000,0x00000000e0000000,0x00000000e4000000)
  from space 5120K, 99% used [0x00000000e4000000,0x00000000e44fc010,0x00000000e4500000)
  to   space 5120K, 0% used [0x00000000e4500000,0x00000000e4500000,0x00000000e4a00000)
 ParOldGen       total 64000K, used 18366K [0x00000000a0000000, 0x00000000a3e80000, 0x00000000e0000000)
  object space 64000K, 28% used [0x00000000a0000000,0x00000000a11efa30,0x00000000a3e80000)
 Metaspace       used 31973K, capacity 32588K, committed 32768K, reserved 1077248K
  class space    used 4372K, capacity 4559K, committed 4608K, reserved 1048576K
}
Event: 8.238 GC heap before
{Heap before GC invocations=9 (full 1):
 PSYoungGen      total 70656K, used 60210K [0x00000000e0000000, 0x00000000e4a00000, 0x0000000100000000)
  eden space 65536K, 84% used [0x00000000e0000000,0x00000000e35d0938,0x00000000e4000000)
  from space 5120K, 99% used [0x00000000e4000000,0x00000000e44fc010,0x00000000e4500000)
  to   space 5120K, 0% used [0x00000000e4500000,0x00000000e4500000,0x00000000e4a00000)
 ParOldGen       total 64000K, used 18366K [0x00000000a0000000, 0x00000000a3e80000, 0x00000000e0000000)
  object space 64000K, 28% used [0x00000000a0000000,0x00000000a11efa30,0x00000000a3e80000)
 Metaspace       used 34538K, capacity 35336K, committed 35456K, reserved 1079296K
  class space    used 4723K, capacity 4923K, committed 4992K, reserved 1048576K
Event: 8.252 GC heap after
Heap after GC invocations=9 (full 1):
 PSYoungGen      total 70656K, used 5120K [0x00000000e0000000, 0x00000000e4a00000, 0x0000000100000000)
  eden space 65536K, 0% used [0x00000000e0000000,0x00000000e0000000,0x00000000e4000000)
  from space 5120K, 100% used [0x00000000e4500000,0x00000000e4a00000,0x00000000e4a00000)
  to   space 5120K, 0% used [0x00000000e4000000,0x00000000e4000000,0x00000000e4500000)
 ParOldGen       total 64000K, used 21786K [0x00000000a0000000, 0x00000000a3e80000, 0x00000000e0000000)
  object space 64000K, 34% used [0x00000000a0000000,0x00000000a1546a30,0x00000000a3e80000)
 Metaspace       used 34538K, capacity 35336K, committed 35456K, reserved 1079296K
  class space    used 4723K, capacity 4923K, committed 4992K, reserved 1048576K
}
Event: 8.252 GC heap before
{Heap before GC invocations=10 (full 2):
 PSYoungGen      total 70656K, used 5120K [0x00000000e0000000, 0x00000000e4a00000, 0x0000000100000000)
  eden space 65536K, 0% used [0x00000000e0000000,0x00000000e0000000,0x00000000e4000000)
  from space 5120K, 100% used [0x00000000e4500000,0x00000000e4a00000,0x00000000e4a00000)
  to   space 5120K, 0% used [0x00000000e4000000,0x00000000e4000000,0x00000000e4500000)
 ParOldGen       total 64000K, used 21786K [0x00000000a0000000, 0x00000000a3e80000, 0x00000000e0000000)
  object space 64000K, 34% used [0x00000000a0000000,0x00000000a1546a30,0x00000000a3e80000)
 Metaspace       used 34538K, capacity 35336K, committed 35456K, reserved 1079296K
  class space    used 4723K, capacity 4923K, committed 4992K, reserved 1048576K
Event: 8.330 GC heap after
Heap after GC invocations=10 (full 2):
 PSYoungGen      total 70656K, used 0K [0x00000000e0000000, 0x00000000e4a00000, 0x0000000100000000)
  eden space 65536K, 0% used [0x00000000e0000000,0x00000000e0000000,0x00000000e4000000)
  from space 5120K, 0% used [0x00000000e4500000,0x00000000e4500000,0x00000000e4a00000)
  to   space 5120K, 0% used [0x00000000e4000000,0x00000000e4000000,0x00000000e4500000)
 ParOldGen       total 64000K, used 16369K [0x00000000a0000000, 0x00000000a3e80000, 0x00000000e0000000)
  object space 64000K, 25% used [0x00000000a0000000,0x00000000a0ffc420,0x00000000a3e80000)
 Metaspace       used 34527K, capacity 35300K, committed 35456K, reserved 1079296K
  class space    used 4720K, capacity 4917K, committed 4992K, reserved 1048576K
}
Event: 9.418 GC heap before
{Heap before GC invocations=11 (full 2):
 PSYoungGen      total 70656K, used 65536K [0x00000000e0000000, 0x00000000e4a00000, 0x0000000100000000)
  eden space 65536K, 100% used [0x00000000e0000000,0x00000000e4000000,0x00000000e4000000)
  from space 5120K, 0% used [0x00000000e4500000,0x00000000e4500000,0x00000000e4a00000)
  to   space 5120K, 0% used [0x00000000e4000000,0x00000000e4000000,0x00000000e4500000)
 ParOldGen       total 64000K, used 16369K [0x00000000a0000000, 0x00000000a3e80000, 0x00000000e0000000)
  object space 64000K, 25% used [0x00000000a0000000,0x00000000a0ffc420,0x00000000a3e80000)
 Metaspace       used 41673K, capacity 42820K, committed 43008K, reserved 1087488K
  class space    used 5613K, capacity 5888K, committed 5888K, reserved 1048576K
Event: 9.425 GC heap after
Heap after GC invocations=11 (full 2):
 PSYoungGen      total 70656K, used 5104K [0x00000000e0000000, 0x00000000e6b80000, 0x0000000100000000)
  eden space 65536K, 0% used [0x00000000e0000000,0x00000000e0000000,0x00000000e4000000)
  from space 5120K, 99% used [0x00000000e4000000,0x00000000e44fc0d8,0x00000000e4500000)
  to   space 12800K, 0% used [0x00000000e5f00000,0x00000000e5f00000,0x00000000e6b80000)
 ParOldGen       total 64000K, used 19698K [0x00000000a0000000, 0x00000000a3e80000, 0x00000000e0000000)
  object space 64000K, 30% used [0x00000000a0000000,0x00000000a133c9a0,0x00000000a3e80000)
 Metaspace       used 41673K, capacity 42820K, committed 43008K, reserved 1087488K
  class space    used 5613K, capacity 5888K, committed 5888K, reserved 1048576K
}
Event: 10.286 GC heap before
{Heap before GC invocations=12 (full 2):
 PSYoungGen      total 70656K, used 70640K [0x00000000e0000000, 0x00000000e6b80000, 0x0000000100000000)
  eden space 65536K, 100% used [0x00000000e0000000,0x00000000e4000000,0x00000000e4000000)
  from space 5120K, 99% used [0x00000000e4000000,0x00000000e44fc0d8,0x00000000e4500000)
  to   space 12800K, 0% used [0x00000000e5f00000,0x00000000e5f00000,0x00000000e6b80000)
 ParOldGen       total 64000K, used 19698K [0x00000000a0000000, 0x00000000a3e80000, 0x00000000e0000000)
  object space 64000K, 30% used [0x00000000a0000000,0x00000000a133c9a0,0x00000000a3e80000)
 Metaspace       used 47924K, capacity 49136K, committed 49536K, reserved 1091584K
  class space    used 6358K, capacity 6694K, committed 6784K, reserved 1048576K
Event: 10.296 GC heap after
Heap after GC invocations=12 (full 2):
 PSYoungGen      total 96256K, used 11828K [0x00000000e0000000, 0x00000000e6d00000, 0x0000000100000000)
  eden space 83456K, 0% used [0x00000000e0000000,0x00000000e0000000,0x00000000e5180000)
  from space 12800K, 92% used [0x00000000e5f00000,0x00000000e6a8d368,0x00000000e6b80000)
  to   space 13824K, 0% used [0x00000000e5180000,0x00000000e5180000,0x00000000e5f00000)
 ParOldGen       total 64000K, used 19770K [0x00000000a0000000, 0x00000000a3e80000, 0x00000000e0000000)
  object space 64000K, 30% used [0x00000000a0000000,0x00000000a134e9b0,0x00000000a3e80000)
 Metaspace       used 47924K, capacity 49136K, committed 49536K, reserved 1091584K
  class space    used 6358K, capacity 6694K, committed 6784K, reserved 1048576K
}

